<?xml version="1.0" encoding="UTF-8"?>
<!-- Generated by org.testng.reporters.JUnitXMLReporter -->
<testsuite ignored="0" hostname="LAPTOP-DCSLAHO4" failures="0" tests="9" name="Default test" time="87.182" errors="0" timestamp="2023-08-22T14:33:52 IST">
  <testcase classname="TestClasses.HomePage" name="compete" time="0.405"/>
  <testcase classname="TestClasses.HomePage" name="host" time="0.355"/>
  <testcase classname="TestClasses.HomePage" name="jobs" time="0.424"/>
  <testcase classname="TestClasses.HomePage" name="learn" time="0.16"/>
  <testcase classname="TestClasses.HomePage" name="login" time="0.398"/>
  <testcase classname="TestClasses.HomePage" name="logo" time="0.407"/>
  <testcase classname="TestClasses.HomePage" name="mentership" time="0.399"/>
  <testcase classname="TestClasses.HomePage" name="practice" time="0.44"/>
  <testcase classname="TestClasses.HomePage" name="seach" time="0.417"/>
</testsuite> <!-- Default test -->
