<?xml version="1.0" encoding="UTF-8"?>
<testng-results ignored="0" total="9" passed="9" failed="0" skipped="0">
  <reporter-output>
  </reporter-output>
  <suite started-at="2023-08-22T14:32:25 IST" name="Default suite" finished-at="2023-08-22T14:33:52 IST" duration-ms="87182">
    <groups>
    </groups>
    <test started-at="2023-08-22T14:32:25 IST" name="Default test" finished-at="2023-08-22T14:33:52 IST" duration-ms="87182">
      <class name="TestClasses.HomePage">
        <test-method is-config="true" signature="Launch()[pri:0, instance:TestClasses.HomePage@5afa3c9]" started-at="2023-08-22T14:32:25 IST" name="Launch" finished-at="2023-08-22T14:32:36 IST" duration-ms="11173" status="PASS">
          <reporter-output>
          </reporter-output>
        </test-method> <!-- Launch -->
        <test-method signature="compete()[pri:0, instance:TestClasses.HomePage@5afa3c9]" started-at="2023-08-22T14:32:36 IST" name="compete" finished-at="2023-08-22T14:32:36 IST" duration-ms="405" status="PASS">
          <reporter-output>
          </reporter-output>
        </test-method> <!-- compete -->
        <test-method is-config="true" signature="closeBrower()[pri:0, instance:TestClasses.HomePage@5afa3c9]" started-at="2023-08-22T14:32:36 IST" name="closeBrower" finished-at="2023-08-22T14:32:36 IST" duration-ms="142" status="PASS">
          <reporter-output>
          </reporter-output>
        </test-method> <!-- closeBrower -->
        <test-method is-config="true" signature="Launch()[pri:0, instance:TestClasses.HomePage@5afa3c9]" started-at="2023-08-22T14:32:36 IST" name="Launch" finished-at="2023-08-22T14:32:46 IST" duration-ms="9162" status="PASS">
          <reporter-output>
          </reporter-output>
        </test-method> <!-- Launch -->
        <test-method signature="host()[pri:0, instance:TestClasses.HomePage@5afa3c9]" started-at="2023-08-22T14:32:46 IST" name="host" finished-at="2023-08-22T14:32:46 IST" duration-ms="355" status="PASS">
          <reporter-output>
          </reporter-output>
        </test-method> <!-- host -->
        <test-method is-config="true" signature="closeBrower()[pri:0, instance:TestClasses.HomePage@5afa3c9]" started-at="2023-08-22T14:32:46 IST" name="closeBrower" finished-at="2023-08-22T14:32:46 IST" duration-ms="159" status="PASS">
          <reporter-output>
          </reporter-output>
        </test-method> <!-- closeBrower -->
        <test-method is-config="true" signature="Launch()[pri:0, instance:TestClasses.HomePage@5afa3c9]" started-at="2023-08-22T14:32:46 IST" name="Launch" finished-at="2023-08-22T14:32:55 IST" duration-ms="8823" status="PASS">
          <reporter-output>
          </reporter-output>
        </test-method> <!-- Launch -->
        <test-method signature="jobs()[pri:0, instance:TestClasses.HomePage@5afa3c9]" started-at="2023-08-22T14:32:55 IST" name="jobs" finished-at="2023-08-22T14:32:55 IST" duration-ms="424" status="PASS">
          <reporter-output>
          </reporter-output>
        </test-method> <!-- jobs -->
        <test-method is-config="true" signature="closeBrower()[pri:0, instance:TestClasses.HomePage@5afa3c9]" started-at="2023-08-22T14:32:55 IST" name="closeBrower" finished-at="2023-08-22T14:32:56 IST" duration-ms="114" status="PASS">
          <reporter-output>
          </reporter-output>
        </test-method> <!-- closeBrower -->
        <test-method is-config="true" signature="Launch()[pri:0, instance:TestClasses.HomePage@5afa3c9]" started-at="2023-08-22T14:32:56 IST" name="Launch" finished-at="2023-08-22T14:33:04 IST" duration-ms="8838" status="PASS">
          <reporter-output>
          </reporter-output>
        </test-method> <!-- Launch -->
        <test-method signature="learn()[pri:0, instance:TestClasses.HomePage@5afa3c9]" started-at="2023-08-22T14:33:04 IST" name="learn" finished-at="2023-08-22T14:33:05 IST" duration-ms="160" status="PASS">
          <reporter-output>
          </reporter-output>
        </test-method> <!-- learn -->
        <test-method is-config="true" signature="closeBrower()[pri:0, instance:TestClasses.HomePage@5afa3c9]" started-at="2023-08-22T14:33:05 IST" name="closeBrower" finished-at="2023-08-22T14:33:05 IST" duration-ms="223" status="PASS">
          <reporter-output>
          </reporter-output>
        </test-method> <!-- closeBrower -->
        <test-method is-config="true" signature="Launch()[pri:0, instance:TestClasses.HomePage@5afa3c9]" started-at="2023-08-22T14:33:05 IST" name="Launch" finished-at="2023-08-22T14:33:14 IST" duration-ms="8884" status="PASS">
          <reporter-output>
          </reporter-output>
        </test-method> <!-- Launch -->
        <test-method signature="login()[pri:0, instance:TestClasses.HomePage@5afa3c9]" started-at="2023-08-22T14:33:14 IST" name="login" finished-at="2023-08-22T14:33:14 IST" duration-ms="398" status="PASS">
          <reporter-output>
          </reporter-output>
        </test-method> <!-- login -->
        <test-method is-config="true" signature="closeBrower()[pri:0, instance:TestClasses.HomePage@5afa3c9]" started-at="2023-08-22T14:33:14 IST" name="closeBrower" finished-at="2023-08-22T14:33:14 IST" duration-ms="168" status="PASS">
          <reporter-output>
          </reporter-output>
        </test-method> <!-- closeBrower -->
        <test-method is-config="true" signature="Launch()[pri:0, instance:TestClasses.HomePage@5afa3c9]" started-at="2023-08-22T14:33:14 IST" name="Launch" finished-at="2023-08-22T14:33:23 IST" duration-ms="8791" status="PASS">
          <reporter-output>
          </reporter-output>
        </test-method> <!-- Launch -->
        <test-method signature="logo()[pri:0, instance:TestClasses.HomePage@5afa3c9]" started-at="2023-08-22T14:33:23 IST" name="logo" finished-at="2023-08-22T14:33:23 IST" duration-ms="407" status="PASS">
          <reporter-output>
          </reporter-output>
        </test-method> <!-- logo -->
        <test-method is-config="true" signature="closeBrower()[pri:0, instance:TestClasses.HomePage@5afa3c9]" started-at="2023-08-22T14:33:23 IST" name="closeBrower" finished-at="2023-08-22T14:33:24 IST" duration-ms="124" status="PASS">
          <reporter-output>
          </reporter-output>
        </test-method> <!-- closeBrower -->
        <test-method is-config="true" signature="Launch()[pri:0, instance:TestClasses.HomePage@5afa3c9]" started-at="2023-08-22T14:33:24 IST" name="Launch" finished-at="2023-08-22T14:33:32 IST" duration-ms="8750" status="PASS">
          <reporter-output>
          </reporter-output>
        </test-method> <!-- Launch -->
        <test-method signature="mentership()[pri:0, instance:TestClasses.HomePage@5afa3c9]" started-at="2023-08-22T14:33:32 IST" name="mentership" finished-at="2023-08-22T14:33:33 IST" duration-ms="399" status="PASS">
          <reporter-output>
          </reporter-output>
        </test-method> <!-- mentership -->
        <test-method is-config="true" signature="closeBrower()[pri:0, instance:TestClasses.HomePage@5afa3c9]" started-at="2023-08-22T14:33:33 IST" name="closeBrower" finished-at="2023-08-22T14:33:33 IST" duration-ms="165" status="PASS">
          <reporter-output>
          </reporter-output>
        </test-method> <!-- closeBrower -->
        <test-method is-config="true" signature="Launch()[pri:0, instance:TestClasses.HomePage@5afa3c9]" started-at="2023-08-22T14:33:33 IST" name="Launch" finished-at="2023-08-22T14:33:42 IST" duration-ms="8933" status="PASS">
          <reporter-output>
          </reporter-output>
        </test-method> <!-- Launch -->
        <test-method signature="practice()[pri:0, instance:TestClasses.HomePage@5afa3c9]" started-at="2023-08-22T14:33:42 IST" name="practice" finished-at="2023-08-22T14:33:42 IST" duration-ms="440" status="PASS">
          <reporter-output>
          </reporter-output>
        </test-method> <!-- practice -->
        <test-method is-config="true" signature="closeBrower()[pri:0, instance:TestClasses.HomePage@5afa3c9]" started-at="2023-08-22T14:33:42 IST" name="closeBrower" finished-at="2023-08-22T14:33:42 IST" duration-ms="120" status="PASS">
          <reporter-output>
          </reporter-output>
        </test-method> <!-- closeBrower -->
        <test-method is-config="true" signature="Launch()[pri:0, instance:TestClasses.HomePage@5afa3c9]" started-at="2023-08-22T14:33:42 IST" name="Launch" finished-at="2023-08-22T14:33:51 IST" duration-ms="8978" status="PASS">
          <reporter-output>
          </reporter-output>
        </test-method> <!-- Launch -->
        <test-method signature="seach()[pri:0, instance:TestClasses.HomePage@5afa3c9]" started-at="2023-08-22T14:33:51 IST" name="seach" finished-at="2023-08-22T14:33:52 IST" duration-ms="417" status="PASS">
          <reporter-output>
          </reporter-output>
        </test-method> <!-- seach -->
        <test-method is-config="true" signature="closeBrower()[pri:0, instance:TestClasses.HomePage@5afa3c9]" started-at="2023-08-22T14:33:52 IST" name="closeBrower" finished-at="2023-08-22T14:33:52 IST" duration-ms="136" status="PASS">
          <reporter-output>
          </reporter-output>
        </test-method> <!-- closeBrower -->
      </class> <!-- TestClasses.HomePage -->
    </test> <!-- Default test -->
  </suite> <!-- Default suite -->
</testng-results>
